<?xml version="1.0" encoding="UTF-8"?>
<!-- Generated by org.testng.reporters.JUnitReportReporter -->
<testsuite hostname="DESKTOP-IM36APH" failures="0" tests="1" name="Runners.runner$Runner" time="14.596" errors="0" timestamp="31 jan. 2021 15:58:36 GMT" skipped="0">
  <testcase classname="Runners.runner$Runner" name="feature" time="14.596"/>
</testsuite> <!-- Runners.runner$Runner -->
